<?xml version="1.0" encoding="UTF-8"?>
<testsuite xmlns:xsi="http://www.w3.org/2001/XMLSchema-instance" xsi:noNamespaceSchemaLocation="https://maven.apache.org/surefire/maven-surefire-plugin/xsd/surefire-test-report.xsd" version="3.0.2" name="com.kiselev.userbalance.UserBalanceApplicationTests" time="4.683" tests="1" errors="0" skipped="0" failures="0">
  <properties>
    <property name="java.specification.version" value="17"/>
    <property name="sun.cpu.isalist" value="amd64"/>
    <property name="sun.jnu.encoding" value="Cp1251"/>
    <property name="java.class.path" value="C:\Projects\libary\user-balance\target\test-classes;C:\Projects\libary\user-balance\target\classes;C:\Users\user\.m2\repository\org\springframework\boot\spring-boot-starter-data-jpa\3.4.5\spring-boot-starter-data-jpa-3.4.5.jar;C:\Users\user\.m2\repository\org\springframework\boot\spring-boot-starter\3.4.5\spring-boot-starter-3.4.5.jar;C:\Users\user\.m2\repository\org\springframework\boot\spring-boot\3.4.5\spring-boot-3.4.5.jar;C:\Users\user\.m2\repository\org\springframework\boot\spring-boot-starter-logging\3.4.5\spring-boot-starter-logging-3.4.5.jar;C:\Users\user\.m2\repository\ch\qos\logback\logback-classic\1.5.18\logback-classic-1.5.18.jar;C:\Users\user\.m2\repository\ch\qos\logback\logback-core\1.5.18\logback-core-1.5.18.jar;C:\Users\user\.m2\repository\org\apache\logging\log4j\log4j-to-slf4j\2.24.3\log4j-to-slf4j-2.24.3.jar;C:\Users\user\.m2\repository\org\apache\logging\log4j\log4j-api\2.24.3\log4j-api-2.24.3.jar;C:\Users\user\.m2\repository\org\slf4j\jul-to-slf4j\2.0.17\jul-to-slf4j-2.0.17.jar;C:\Users\user\.m2\repository\jakarta\annotation\jakarta.annotation-api\2.1.1\jakarta.annotation-api-2.1.1.jar;C:\Users\user\.m2\repository\org\springframework\boot\spring-boot-starter-jdbc\3.4.5\spring-boot-starter-jdbc-3.4.5.jar;C:\Users\user\.m2\repository\com\zaxxer\HikariCP\5.1.0\HikariCP-5.1.0.jar;C:\Users\user\.m2\repository\org\springframework\spring-jdbc\6.2.6\spring-jdbc-6.2.6.jar;C:\Users\user\.m2\repository\org\hibernate\orm\hibernate-core\6.6.13.Final\hibernate-core-6.6.13.Final.jar;C:\Users\user\.m2\repository\jakarta\persistence\jakarta.persistence-api\3.1.0\jakarta.persistence-api-3.1.0.jar;C:\Users\user\.m2\repository\jakarta\transaction\jakarta.transaction-api\2.0.1\jakarta.transaction-api-2.0.1.jar;C:\Users\user\.m2\repository\org\jboss\logging\jboss-logging\3.6.1.Final\jboss-logging-3.6.1.Final.jar;C:\Users\user\.m2\repository\org\hibernate\common\hibernate-commons-annotations\7.0.3.Final\hibernate-commons-annotations-7.0.3.Final.jar;C:\Users\user\.m2\repository\io\smallrye\jandex\3.2.0\jandex-3.2.0.jar;C:\Users\user\.m2\repository\com\fasterxml\classmate\1.7.0\classmate-1.7.0.jar;C:\Users\user\.m2\repository\net\bytebuddy\byte-buddy\1.15.11\byte-buddy-1.15.11.jar;C:\Users\user\.m2\repository\org\glassfish\jaxb\jaxb-runtime\4.0.5\jaxb-runtime-4.0.5.jar;C:\Users\user\.m2\repository\org\glassfish\jaxb\jaxb-core\4.0.5\jaxb-core-4.0.5.jar;C:\Users\user\.m2\repository\org\eclipse\angus\angus-activation\2.0.2\angus-activation-2.0.2.jar;C:\Users\user\.m2\repository\org\glassfish\jaxb\txw2\4.0.5\txw2-4.0.5.jar;C:\Users\user\.m2\repository\com\sun\istack\istack-commons-runtime\4.1.2\istack-commons-runtime-4.1.2.jar;C:\Users\user\.m2\repository\jakarta\inject\jakarta.inject-api\2.0.1\jakarta.inject-api-2.0.1.jar;C:\Users\user\.m2\repository\org\antlr\antlr4-runtime\4.13.0\antlr4-runtime-4.13.0.jar;C:\Users\user\.m2\repository\org\springframework\data\spring-data-jpa\3.4.5\spring-data-jpa-3.4.5.jar;C:\Users\user\.m2\repository\org\springframework\data\spring-data-commons\3.4.5\spring-data-commons-3.4.5.jar;C:\Users\user\.m2\repository\org\springframework\spring-orm\6.2.6\spring-orm-6.2.6.jar;C:\Users\user\.m2\repository\org\springframework\spring-context\6.2.6\spring-context-6.2.6.jar;C:\Users\user\.m2\repository\org\springframework\spring-aop\6.2.6\spring-aop-6.2.6.jar;C:\Users\user\.m2\repository\org\springframework\spring-tx\6.2.6\spring-tx-6.2.6.jar;C:\Users\user\.m2\repository\org\springframework\spring-beans\6.2.6\spring-beans-6.2.6.jar;C:\Users\user\.m2\repository\org\slf4j\slf4j-api\2.0.17\slf4j-api-2.0.17.jar;C:\Users\user\.m2\repository\org\springframework\spring-aspects\6.2.6\spring-aspects-6.2.6.jar;C:\Users\user\.m2\repository\org\aspectj\aspectjweaver\1.9.24\aspectjweaver-1.9.24.jar;C:\Users\user\.m2\repository\org\springframework\boot\spring-boot-starter-validation\3.4.5\spring-boot-starter-validation-3.4.5.jar;C:\Users\user\.m2\repository\org\apache\tomcat\embed\tomcat-embed-el\10.1.40\tomcat-embed-el-10.1.40.jar;C:\Users\user\.m2\repository\org\hibernate\validator\hibernate-validator\8.0.2.Final\hibernate-validator-8.0.2.Final.jar;C:\Users\user\.m2\repository\jakarta\validation\jakarta.validation-api\3.0.2\jakarta.validation-api-3.0.2.jar;C:\Users\user\.m2\repository\org\springframework\boot\spring-boot-starter-web\3.4.5\spring-boot-starter-web-3.4.5.jar;C:\Users\user\.m2\repository\org\springframework\boot\spring-boot-starter-json\3.4.5\spring-boot-starter-json-3.4.5.jar;C:\Users\user\.m2\repository\com\fasterxml\jackson\datatype\jackson-datatype-jdk8\2.18.3\jackson-datatype-jdk8-2.18.3.jar;C:\Users\user\.m2\repository\com\fasterxml\jackson\datatype\jackson-datatype-jsr310\2.18.3\jackson-datatype-jsr310-2.18.3.jar;C:\Users\user\.m2\repository\com\fasterxml\jackson\module\jackson-module-parameter-names\2.18.3\jackson-module-parameter-names-2.18.3.jar;C:\Users\user\.m2\repository\org\springframework\boot\spring-boot-starter-tomcat\3.4.5\spring-boot-starter-tomcat-3.4.5.jar;C:\Users\user\.m2\repository\org\apache\tomcat\embed\tomcat-embed-core\10.1.40\tomcat-embed-core-10.1.40.jar;C:\Users\user\.m2\repository\org\apache\tomcat\embed\tomcat-embed-websocket\10.1.40\tomcat-embed-websocket-10.1.40.jar;C:\Users\user\.m2\repository\org\springframework\spring-web\6.2.6\spring-web-6.2.6.jar;C:\Users\user\.m2\repository\io\micrometer\micrometer-observation\1.14.6\micrometer-observation-1.14.6.jar;C:\Users\user\.m2\repository\io\micrometer\micrometer-commons\1.14.6\micrometer-commons-1.14.6.jar;C:\Users\user\.m2\repository\org\springframework\spring-webmvc\6.2.6\spring-webmvc-6.2.6.jar;C:\Users\user\.m2\repository\org\springframework\spring-expression\6.2.6\spring-expression-6.2.6.jar;C:\Users\user\.m2\repository\org\springframework\boot\spring-boot-starter-data-elasticsearch\3.4.5\spring-boot-starter-data-elasticsearch-3.4.5.jar;C:\Users\user\.m2\repository\org\springframework\data\spring-data-elasticsearch\5.4.5\spring-data-elasticsearch-5.4.5.jar;C:\Users\user\.m2\repository\co\elastic\clients\elasticsearch-java\8.15.5\elasticsearch-java-8.15.5.jar;C:\Users\user\.m2\repository\org\elasticsearch\client\elasticsearch-rest-client\8.15.5\elasticsearch-rest-client-8.15.5.jar;C:\Users\user\.m2\repository\org\apache\httpcomponents\httpclient\4.5.14\httpclient-4.5.14.jar;C:\Users\user\.m2\repository\org\apache\httpcomponents\httpcore\4.4.16\httpcore-4.4.16.jar;C:\Users\user\.m2\repository\org\apache\httpcomponents\httpasyncclient\4.1.5\httpasyncclient-4.1.5.jar;C:\Users\user\.m2\repository\org\apache\httpcomponents\httpcore-nio\4.4.16\httpcore-nio-4.4.16.jar;C:\Users\user\.m2\repository\commons-codec\commons-codec\1.17.2\commons-codec-1.17.2.jar;C:\Users\user\.m2\repository\com\google\code\findbugs\jsr305\3.0.2\jsr305-3.0.2.jar;C:\Users\user\.m2\repository\jakarta\json\jakarta.json-api\2.1.3\jakarta.json-api-2.1.3.jar;C:\Users\user\.m2\repository\org\eclipse\parsson\parsson\1.0.5\parsson-1.0.5.jar;C:\Users\user\.m2\repository\io\opentelemetry\opentelemetry-api\1.43.0\opentelemetry-api-1.43.0.jar;C:\Users\user\.m2\repository\io\opentelemetry\opentelemetry-context\1.43.0\opentelemetry-context-1.43.0.jar;C:\Users\user\.m2\repository\com\fasterxml\jackson\core\jackson-core\2.18.3\jackson-core-2.18.3.jar;C:\Users\user\.m2\repository\org\springframework\boot\spring-boot-starter-data-redis\3.4.5\spring-boot-starter-data-redis-3.4.5.jar;C:\Users\user\.m2\repository\io\lettuce\lettuce-core\6.4.2.RELEASE\lettuce-core-6.4.2.RELEASE.jar;C:\Users\user\.m2\repository\io\netty\netty-common\4.1.119.Final\netty-common-4.1.119.Final.jar;C:\Users\user\.m2\repository\io\netty\netty-handler\4.1.119.Final\netty-handler-4.1.119.Final.jar;C:\Users\user\.m2\repository\io\netty\netty-resolver\4.1.119.Final\netty-resolver-4.1.119.Final.jar;C:\Users\user\.m2\repository\io\netty\netty-buffer\4.1.119.Final\netty-buffer-4.1.119.Final.jar;C:\Users\user\.m2\repository\io\netty\netty-transport-native-unix-common\4.1.119.Final\netty-transport-native-unix-common-4.1.119.Final.jar;C:\Users\user\.m2\repository\io\netty\netty-codec\4.1.119.Final\netty-codec-4.1.119.Final.jar;C:\Users\user\.m2\repository\io\netty\netty-transport\4.1.119.Final\netty-transport-4.1.119.Final.jar;C:\Users\user\.m2\repository\io\projectreactor\reactor-core\3.7.5\reactor-core-3.7.5.jar;C:\Users\user\.m2\repository\org\reactivestreams\reactive-streams\1.0.4\reactive-streams-1.0.4.jar;C:\Users\user\.m2\repository\org\springframework\data\spring-data-redis\3.4.5\spring-data-redis-3.4.5.jar;C:\Users\user\.m2\repository\org\springframework\data\spring-data-keyvalue\3.4.5\spring-data-keyvalue-3.4.5.jar;C:\Users\user\.m2\repository\org\springframework\spring-oxm\6.2.6\spring-oxm-6.2.6.jar;C:\Users\user\.m2\repository\org\springframework\boot\spring-boot-starter-cache\3.4.5\spring-boot-starter-cache-3.4.5.jar;C:\Users\user\.m2\repository\org\springframework\spring-context-support\6.2.6\spring-context-support-6.2.6.jar;C:\Users\user\.m2\repository\org\projectlombok\lombok\1.18.30\lombok-1.18.30.jar;C:\Users\user\.m2\repository\org\mapstruct\mapstruct\1.5.5.Final\mapstruct-1.5.5.Final.jar;C:\Users\user\.m2\repository\org\projectlombok\lombok-mapstruct-binding\0.2.0\lombok-mapstruct-binding-0.2.0.jar;C:\Users\user\.m2\repository\io\jsonwebtoken\jjwt-api\0.11.5\jjwt-api-0.11.5.jar;C:\Users\user\.m2\repository\io\jsonwebtoken\jjwt-impl\0.11.5\jjwt-impl-0.11.5.jar;C:\Users\user\.m2\repository\io\jsonwebtoken\jjwt-jackson\0.11.5\jjwt-jackson-0.11.5.jar;C:\Users\user\.m2\repository\com\fasterxml\jackson\core\jackson-databind\2.18.3\jackson-databind-2.18.3.jar;C:\Users\user\.m2\repository\com\fasterxml\jackson\core\jackson-annotations\2.18.3\jackson-annotations-2.18.3.jar;C:\Users\user\.m2\repository\org\postgresql\postgresql\42.7.5\postgresql-42.7.5.jar;C:\Users\user\.m2\repository\org\checkerframework\checker-qual\3.48.3\checker-qual-3.48.3.jar;C:\Users\user\.m2\repository\org\liquibase\liquibase-core\4.31.0\liquibase-core-4.31.0.jar;C:\Users\user\.m2\repository\com\opencsv\opencsv\5.9\opencsv-5.9.jar;C:\Users\user\.m2\repository\org\yaml\snakeyaml\2.3\snakeyaml-2.3.jar;C:\Users\user\.m2\repository\javax\xml\bind\jaxb-api\2.3.1\jaxb-api-2.3.1.jar;C:\Users\user\.m2\repository\org\apache\commons\commons-collections4\4.4\commons-collections4-4.4.jar;C:\Users\user\.m2\repository\org\apache\commons\commons-text\1.13.0\commons-text-1.13.0.jar;C:\Users\user\.m2\repository\org\apache\commons\commons-lang3\3.17.0\commons-lang3-3.17.0.jar;C:\Users\user\.m2\repository\commons-io\commons-io\2.18.0\commons-io-2.18.0.jar;C:\Users\user\.m2\repository\org\springdoc\springdoc-openapi-starter-webmvc-ui\2.6.0\springdoc-openapi-starter-webmvc-ui-2.6.0.jar;C:\Users\user\.m2\repository\org\springdoc\springdoc-openapi-starter-webmvc-api\2.6.0\springdoc-openapi-starter-webmvc-api-2.6.0.jar;C:\Users\user\.m2\repository\org\springdoc\springdoc-openapi-starter-common\2.6.0\springdoc-openapi-starter-common-2.6.0.jar;C:\Users\user\.m2\repository\io\swagger\core\v3\swagger-core-jakarta\2.2.22\swagger-core-jakarta-2.2.22.jar;C:\Users\user\.m2\repository\io\swagger\core\v3\swagger-annotations-jakarta\2.2.22\swagger-annotations-jakarta-2.2.22.jar;C:\Users\user\.m2\repository\io\swagger\core\v3\swagger-models-jakarta\2.2.22\swagger-models-jakarta-2.2.22.jar;C:\Users\user\.m2\repository\com\fasterxml\jackson\dataformat\jackson-dataformat-yaml\2.18.3\jackson-dataformat-yaml-2.18.3.jar;C:\Users\user\.m2\repository\org\webjars\swagger-ui\5.17.14\swagger-ui-5.17.14.jar;C:\Users\user\.m2\repository\org\springframework\boot\spring-boot-starter-test\3.4.5\spring-boot-starter-test-3.4.5.jar;C:\Users\user\.m2\repository\org\springframework\boot\spring-boot-test\3.4.5\spring-boot-test-3.4.5.jar;C:\Users\user\.m2\repository\org\springframework\boot\spring-boot-test-autoconfigure\3.4.5\spring-boot-test-autoconfigure-3.4.5.jar;C:\Users\user\.m2\repository\com\jayway\jsonpath\json-path\2.9.0\json-path-2.9.0.jar;C:\Users\user\.m2\repository\jakarta\xml\bind\jakarta.xml.bind-api\4.0.2\jakarta.xml.bind-api-4.0.2.jar;C:\Users\user\.m2\repository\jakarta\activation\jakarta.activation-api\2.1.3\jakarta.activation-api-2.1.3.jar;C:\Users\user\.m2\repository\net\minidev\json-smart\2.5.2\json-smart-2.5.2.jar;C:\Users\user\.m2\repository\net\minidev\accessors-smart\2.5.2\accessors-smart-2.5.2.jar;C:\Users\user\.m2\repository\org\ow2\asm\asm\9.7.1\asm-9.7.1.jar;C:\Users\user\.m2\repository\org\assertj\assertj-core\3.26.3\assertj-core-3.26.3.jar;C:\Users\user\.m2\repository\org\awaitility\awaitility\4.2.2\awaitility-4.2.2.jar;C:\Users\user\.m2\repository\org\hamcrest\hamcrest\2.2\hamcrest-2.2.jar;C:\Users\user\.m2\repository\org\junit\jupiter\junit-jupiter\5.11.4\junit-jupiter-5.11.4.jar;C:\Users\user\.m2\repository\org\junit\jupiter\junit-jupiter-api\5.11.4\junit-jupiter-api-5.11.4.jar;C:\Users\user\.m2\repository\org\opentest4j\opentest4j\1.3.0\opentest4j-1.3.0.jar;C:\Users\user\.m2\repository\org\junit\platform\junit-platform-commons\1.11.4\junit-platform-commons-1.11.4.jar;C:\Users\user\.m2\repository\org\apiguardian\apiguardian-api\1.1.2\apiguardian-api-1.1.2.jar;C:\Users\user\.m2\repository\org\junit\jupiter\junit-jupiter-params\5.11.4\junit-jupiter-params-5.11.4.jar;C:\Users\user\.m2\repository\org\junit\jupiter\junit-jupiter-engine\5.11.4\junit-jupiter-engine-5.11.4.jar;C:\Users\user\.m2\repository\org\junit\platform\junit-platform-engine\1.11.4\junit-platform-engine-1.11.4.jar;C:\Users\user\.m2\repository\org\mockito\mockito-core\5.14.2\mockito-core-5.14.2.jar;C:\Users\user\.m2\repository\net\bytebuddy\byte-buddy-agent\1.15.11\byte-buddy-agent-1.15.11.jar;C:\Users\user\.m2\repository\org\objenesis\objenesis\3.3\objenesis-3.3.jar;C:\Users\user\.m2\repository\org\mockito\mockito-junit-jupiter\5.14.2\mockito-junit-jupiter-5.14.2.jar;C:\Users\user\.m2\repository\org\skyscreamer\jsonassert\1.5.3\jsonassert-1.5.3.jar;C:\Users\user\.m2\repository\com\vaadin\external\google\android-json\0.0.20131108.vaadin1\android-json-0.0.20131108.vaadin1.jar;C:\Users\user\.m2\repository\org\springframework\spring-core\6.2.6\spring-core-6.2.6.jar;C:\Users\user\.m2\repository\org\springframework\spring-jcl\6.2.6\spring-jcl-6.2.6.jar;C:\Users\user\.m2\repository\org\springframework\spring-test\6.2.6\spring-test-6.2.6.jar;C:\Users\user\.m2\repository\org\xmlunit\xmlunit-core\2.10.0\xmlunit-core-2.10.0.jar;C:\Users\user\.m2\repository\org\springframework\boot\spring-boot-testcontainers\3.4.5\spring-boot-testcontainers-3.4.5.jar;C:\Users\user\.m2\repository\org\springframework\boot\spring-boot-autoconfigure\3.4.5\spring-boot-autoconfigure-3.4.5.jar;C:\Users\user\.m2\repository\org\testcontainers\testcontainers\1.20.6\testcontainers-1.20.6.jar;C:\Users\user\.m2\repository\junit\junit\4.13.2\junit-4.13.2.jar;C:\Users\user\.m2\repository\org\hamcrest\hamcrest-core\2.2\hamcrest-core-2.2.jar;C:\Users\user\.m2\repository\org\apache\commons\commons-compress\1.24.0\commons-compress-1.24.0.jar;C:\Users\user\.m2\repository\org\rnorth\duct-tape\duct-tape\1.0.8\duct-tape-1.0.8.jar;C:\Users\user\.m2\repository\org\jetbrains\annotations\17.0.0\annotations-17.0.0.jar;C:\Users\user\.m2\repository\com\github\docker-java\docker-java-api\3.4.1\docker-java-api-3.4.1.jar;C:\Users\user\.m2\repository\com\github\docker-java\docker-java-transport-zerodep\3.4.1\docker-java-transport-zerodep-3.4.1.jar;C:\Users\user\.m2\repository\com\github\docker-java\docker-java-transport\3.4.1\docker-java-transport-3.4.1.jar;C:\Users\user\.m2\repository\net\java\dev\jna\jna\5.13.0\jna-5.13.0.jar;C:\Users\user\.m2\repository\org\springframework\security\spring-security-test\6.4.5\spring-security-test-6.4.5.jar;C:\Users\user\.m2\repository\org\springframework\security\spring-security-core\6.4.5\spring-security-core-6.4.5.jar;C:\Users\user\.m2\repository\org\springframework\security\spring-security-crypto\6.4.5\spring-security-crypto-6.4.5.jar;C:\Users\user\.m2\repository\org\springframework\security\spring-security-web\6.4.5\spring-security-web-6.4.5.jar;C:\Users\user\.m2\repository\org\testcontainers\junit-jupiter\1.20.6\junit-jupiter-1.20.6.jar;C:\Users\user\.m2\repository\org\testcontainers\postgresql\1.20.6\postgresql-1.20.6.jar;C:\Users\user\.m2\repository\org\testcontainers\jdbc\1.20.6\jdbc-1.20.6.jar;C:\Users\user\.m2\repository\org\testcontainers\database-commons\1.20.6\database-commons-1.20.6.jar;"/>
    <property name="java.vm.vendor" value="Amazon.com Inc."/>
    <property name="sun.arch.data.model" value="64"/>
    <property name="user.variant" value=""/>
    <property name="java.vendor.url" value="https://aws.amazon.com/corretto/"/>
    <property name="user.timezone" value="Europe/Moscow"/>
    <property name="org.jboss.logging.provider" value="slf4j"/>
    <property name="os.name" value="Windows 11"/>
    <property name="java.vm.specification.version" value="17"/>
    <property name="sun.java.launcher" value="SUN_STANDARD"/>
    <property name="user.country" value="RU"/>
    <property name="sun.boot.library.path" value="C:\Users\user\.jdks\corretto-17.0.15\bin"/>
    <property name="sun.java.command" value="C:\Users\user\AppData\Local\Temp\surefire14868081329046916969\surefirebooter-20250519000035477_3.jar C:\Users\user\AppData\Local\Temp\surefire14868081329046916969 2025-05-19T00-00-35_328-jvmRun1 surefire-20250519000035477_1tmp surefire_0-20250519000035477_2tmp"/>
    <property name="jdk.debug" value="release"/>
    <property name="surefire.test.class.path" value="C:\Projects\libary\user-balance\target\test-classes;C:\Projects\libary\user-balance\target\classes;C:\Users\user\.m2\repository\org\springframework\boot\spring-boot-starter-data-jpa\3.4.5\spring-boot-starter-data-jpa-3.4.5.jar;C:\Users\user\.m2\repository\org\springframework\boot\spring-boot-starter\3.4.5\spring-boot-starter-3.4.5.jar;C:\Users\user\.m2\repository\org\springframework\boot\spring-boot\3.4.5\spring-boot-3.4.5.jar;C:\Users\user\.m2\repository\org\springframework\boot\spring-boot-starter-logging\3.4.5\spring-boot-starter-logging-3.4.5.jar;C:\Users\user\.m2\repository\ch\qos\logback\logback-classic\1.5.18\logback-classic-1.5.18.jar;C:\Users\user\.m2\repository\ch\qos\logback\logback-core\1.5.18\logback-core-1.5.18.jar;C:\Users\user\.m2\repository\org\apache\logging\log4j\log4j-to-slf4j\2.24.3\log4j-to-slf4j-2.24.3.jar;C:\Users\user\.m2\repository\org\apache\logging\log4j\log4j-api\2.24.3\log4j-api-2.24.3.jar;C:\Users\user\.m2\repository\org\slf4j\jul-to-slf4j\2.0.17\jul-to-slf4j-2.0.17.jar;C:\Users\user\.m2\repository\jakarta\annotation\jakarta.annotation-api\2.1.1\jakarta.annotation-api-2.1.1.jar;C:\Users\user\.m2\repository\org\springframework\boot\spring-boot-starter-jdbc\3.4.5\spring-boot-starter-jdbc-3.4.5.jar;C:\Users\user\.m2\repository\com\zaxxer\HikariCP\5.1.0\HikariCP-5.1.0.jar;C:\Users\user\.m2\repository\org\springframework\spring-jdbc\6.2.6\spring-jdbc-6.2.6.jar;C:\Users\user\.m2\repository\org\hibernate\orm\hibernate-core\6.6.13.Final\hibernate-core-6.6.13.Final.jar;C:\Users\user\.m2\repository\jakarta\persistence\jakarta.persistence-api\3.1.0\jakarta.persistence-api-3.1.0.jar;C:\Users\user\.m2\repository\jakarta\transaction\jakarta.transaction-api\2.0.1\jakarta.transaction-api-2.0.1.jar;C:\Users\user\.m2\repository\org\jboss\logging\jboss-logging\3.6.1.Final\jboss-logging-3.6.1.Final.jar;C:\Users\user\.m2\repository\org\hibernate\common\hibernate-commons-annotations\7.0.3.Final\hibernate-commons-annotations-7.0.3.Final.jar;C:\Users\user\.m2\repository\io\smallrye\jandex\3.2.0\jandex-3.2.0.jar;C:\Users\user\.m2\repository\com\fasterxml\classmate\1.7.0\classmate-1.7.0.jar;C:\Users\user\.m2\repository\net\bytebuddy\byte-buddy\1.15.11\byte-buddy-1.15.11.jar;C:\Users\user\.m2\repository\org\glassfish\jaxb\jaxb-runtime\4.0.5\jaxb-runtime-4.0.5.jar;C:\Users\user\.m2\repository\org\glassfish\jaxb\jaxb-core\4.0.5\jaxb-core-4.0.5.jar;C:\Users\user\.m2\repository\org\eclipse\angus\angus-activation\2.0.2\angus-activation-2.0.2.jar;C:\Users\user\.m2\repository\org\glassfish\jaxb\txw2\4.0.5\txw2-4.0.5.jar;C:\Users\user\.m2\repository\com\sun\istack\istack-commons-runtime\4.1.2\istack-commons-runtime-4.1.2.jar;C:\Users\user\.m2\repository\jakarta\inject\jakarta.inject-api\2.0.1\jakarta.inject-api-2.0.1.jar;C:\Users\user\.m2\repository\org\antlr\antlr4-runtime\4.13.0\antlr4-runtime-4.13.0.jar;C:\Users\user\.m2\repository\org\springframework\data\spring-data-jpa\3.4.5\spring-data-jpa-3.4.5.jar;C:\Users\user\.m2\repository\org\springframework\data\spring-data-commons\3.4.5\spring-data-commons-3.4.5.jar;C:\Users\user\.m2\repository\org\springframework\spring-orm\6.2.6\spring-orm-6.2.6.jar;C:\Users\user\.m2\repository\org\springframework\spring-context\6.2.6\spring-context-6.2.6.jar;C:\Users\user\.m2\repository\org\springframework\spring-aop\6.2.6\spring-aop-6.2.6.jar;C:\Users\user\.m2\repository\org\springframework\spring-tx\6.2.6\spring-tx-6.2.6.jar;C:\Users\user\.m2\repository\org\springframework\spring-beans\6.2.6\spring-beans-6.2.6.jar;C:\Users\user\.m2\repository\org\slf4j\slf4j-api\2.0.17\slf4j-api-2.0.17.jar;C:\Users\user\.m2\repository\org\springframework\spring-aspects\6.2.6\spring-aspects-6.2.6.jar;C:\Users\user\.m2\repository\org\aspectj\aspectjweaver\1.9.24\aspectjweaver-1.9.24.jar;C:\Users\user\.m2\repository\org\springframework\boot\spring-boot-starter-validation\3.4.5\spring-boot-starter-validation-3.4.5.jar;C:\Users\user\.m2\repository\org\apache\tomcat\embed\tomcat-embed-el\10.1.40\tomcat-embed-el-10.1.40.jar;C:\Users\user\.m2\repository\org\hibernate\validator\hibernate-validator\8.0.2.Final\hibernate-validator-8.0.2.Final.jar;C:\Users\user\.m2\repository\jakarta\validation\jakarta.validation-api\3.0.2\jakarta.validation-api-3.0.2.jar;C:\Users\user\.m2\repository\org\springframework\boot\spring-boot-starter-web\3.4.5\spring-boot-starter-web-3.4.5.jar;C:\Users\user\.m2\repository\org\springframework\boot\spring-boot-starter-json\3.4.5\spring-boot-starter-json-3.4.5.jar;C:\Users\user\.m2\repository\com\fasterxml\jackson\datatype\jackson-datatype-jdk8\2.18.3\jackson-datatype-jdk8-2.18.3.jar;C:\Users\user\.m2\repository\com\fasterxml\jackson\datatype\jackson-datatype-jsr310\2.18.3\jackson-datatype-jsr310-2.18.3.jar;C:\Users\user\.m2\repository\com\fasterxml\jackson\module\jackson-module-parameter-names\2.18.3\jackson-module-parameter-names-2.18.3.jar;C:\Users\user\.m2\repository\org\springframework\boot\spring-boot-starter-tomcat\3.4.5\spring-boot-starter-tomcat-3.4.5.jar;C:\Users\user\.m2\repository\org\apache\tomcat\embed\tomcat-embed-core\10.1.40\tomcat-embed-core-10.1.40.jar;C:\Users\user\.m2\repository\org\apache\tomcat\embed\tomcat-embed-websocket\10.1.40\tomcat-embed-websocket-10.1.40.jar;C:\Users\user\.m2\repository\org\springframework\spring-web\6.2.6\spring-web-6.2.6.jar;C:\Users\user\.m2\repository\io\micrometer\micrometer-observation\1.14.6\micrometer-observation-1.14.6.jar;C:\Users\user\.m2\repository\io\micrometer\micrometer-commons\1.14.6\micrometer-commons-1.14.6.jar;C:\Users\user\.m2\repository\org\springframework\spring-webmvc\6.2.6\spring-webmvc-6.2.6.jar;C:\Users\user\.m2\repository\org\springframework\spring-expression\6.2.6\spring-expression-6.2.6.jar;C:\Users\user\.m2\repository\org\springframework\boot\spring-boot-starter-data-elasticsearch\3.4.5\spring-boot-starter-data-elasticsearch-3.4.5.jar;C:\Users\user\.m2\repository\org\springframework\data\spring-data-elasticsearch\5.4.5\spring-data-elasticsearch-5.4.5.jar;C:\Users\user\.m2\repository\co\elastic\clients\elasticsearch-java\8.15.5\elasticsearch-java-8.15.5.jar;C:\Users\user\.m2\repository\org\elasticsearch\client\elasticsearch-rest-client\8.15.5\elasticsearch-rest-client-8.15.5.jar;C:\Users\user\.m2\repository\org\apache\httpcomponents\httpclient\4.5.14\httpclient-4.5.14.jar;C:\Users\user\.m2\repository\org\apache\httpcomponents\httpcore\4.4.16\httpcore-4.4.16.jar;C:\Users\user\.m2\repository\org\apache\httpcomponents\httpasyncclient\4.1.5\httpasyncclient-4.1.5.jar;C:\Users\user\.m2\repository\org\apache\httpcomponents\httpcore-nio\4.4.16\httpcore-nio-4.4.16.jar;C:\Users\user\.m2\repository\commons-codec\commons-codec\1.17.2\commons-codec-1.17.2.jar;C:\Users\user\.m2\repository\com\google\code\findbugs\jsr305\3.0.2\jsr305-3.0.2.jar;C:\Users\user\.m2\repository\jakarta\json\jakarta.json-api\2.1.3\jakarta.json-api-2.1.3.jar;C:\Users\user\.m2\repository\org\eclipse\parsson\parsson\1.0.5\parsson-1.0.5.jar;C:\Users\user\.m2\repository\io\opentelemetry\opentelemetry-api\1.43.0\opentelemetry-api-1.43.0.jar;C:\Users\user\.m2\repository\io\opentelemetry\opentelemetry-context\1.43.0\opentelemetry-context-1.43.0.jar;C:\Users\user\.m2\repository\com\fasterxml\jackson\core\jackson-core\2.18.3\jackson-core-2.18.3.jar;C:\Users\user\.m2\repository\org\springframework\boot\spring-boot-starter-data-redis\3.4.5\spring-boot-starter-data-redis-3.4.5.jar;C:\Users\user\.m2\repository\io\lettuce\lettuce-core\6.4.2.RELEASE\lettuce-core-6.4.2.RELEASE.jar;C:\Users\user\.m2\repository\io\netty\netty-common\4.1.119.Final\netty-common-4.1.119.Final.jar;C:\Users\user\.m2\repository\io\netty\netty-handler\4.1.119.Final\netty-handler-4.1.119.Final.jar;C:\Users\user\.m2\repository\io\netty\netty-resolver\4.1.119.Final\netty-resolver-4.1.119.Final.jar;C:\Users\user\.m2\repository\io\netty\netty-buffer\4.1.119.Final\netty-buffer-4.1.119.Final.jar;C:\Users\user\.m2\repository\io\netty\netty-transport-native-unix-common\4.1.119.Final\netty-transport-native-unix-common-4.1.119.Final.jar;C:\Users\user\.m2\repository\io\netty\netty-codec\4.1.119.Final\netty-codec-4.1.119.Final.jar;C:\Users\user\.m2\repository\io\netty\netty-transport\4.1.119.Final\netty-transport-4.1.119.Final.jar;C:\Users\user\.m2\repository\io\projectreactor\reactor-core\3.7.5\reactor-core-3.7.5.jar;C:\Users\user\.m2\repository\org\reactivestreams\reactive-streams\1.0.4\reactive-streams-1.0.4.jar;C:\Users\user\.m2\repository\org\springframework\data\spring-data-redis\3.4.5\spring-data-redis-3.4.5.jar;C:\Users\user\.m2\repository\org\springframework\data\spring-data-keyvalue\3.4.5\spring-data-keyvalue-3.4.5.jar;C:\Users\user\.m2\repository\org\springframework\spring-oxm\6.2.6\spring-oxm-6.2.6.jar;C:\Users\user\.m2\repository\org\springframework\boot\spring-boot-starter-cache\3.4.5\spring-boot-starter-cache-3.4.5.jar;C:\Users\user\.m2\repository\org\springframework\spring-context-support\6.2.6\spring-context-support-6.2.6.jar;C:\Users\user\.m2\repository\org\projectlombok\lombok\1.18.30\lombok-1.18.30.jar;C:\Users\user\.m2\repository\org\mapstruct\mapstruct\1.5.5.Final\mapstruct-1.5.5.Final.jar;C:\Users\user\.m2\repository\org\projectlombok\lombok-mapstruct-binding\0.2.0\lombok-mapstruct-binding-0.2.0.jar;C:\Users\user\.m2\repository\io\jsonwebtoken\jjwt-api\0.11.5\jjwt-api-0.11.5.jar;C:\Users\user\.m2\repository\io\jsonwebtoken\jjwt-impl\0.11.5\jjwt-impl-0.11.5.jar;C:\Users\user\.m2\repository\io\jsonwebtoken\jjwt-jackson\0.11.5\jjwt-jackson-0.11.5.jar;C:\Users\user\.m2\repository\com\fasterxml\jackson\core\jackson-databind\2.18.3\jackson-databind-2.18.3.jar;C:\Users\user\.m2\repository\com\fasterxml\jackson\core\jackson-annotations\2.18.3\jackson-annotations-2.18.3.jar;C:\Users\user\.m2\repository\org\postgresql\postgresql\42.7.5\postgresql-42.7.5.jar;C:\Users\user\.m2\repository\org\checkerframework\checker-qual\3.48.3\checker-qual-3.48.3.jar;C:\Users\user\.m2\repository\org\liquibase\liquibase-core\4.31.0\liquibase-core-4.31.0.jar;C:\Users\user\.m2\repository\com\opencsv\opencsv\5.9\opencsv-5.9.jar;C:\Users\user\.m2\repository\org\yaml\snakeyaml\2.3\snakeyaml-2.3.jar;C:\Users\user\.m2\repository\javax\xml\bind\jaxb-api\2.3.1\jaxb-api-2.3.1.jar;C:\Users\user\.m2\repository\org\apache\commons\commons-collections4\4.4\commons-collections4-4.4.jar;C:\Users\user\.m2\repository\org\apache\commons\commons-text\1.13.0\commons-text-1.13.0.jar;C:\Users\user\.m2\repository\org\apache\commons\commons-lang3\3.17.0\commons-lang3-3.17.0.jar;C:\Users\user\.m2\repository\commons-io\commons-io\2.18.0\commons-io-2.18.0.jar;C:\Users\user\.m2\repository\org\springdoc\springdoc-openapi-starter-webmvc-ui\2.6.0\springdoc-openapi-starter-webmvc-ui-2.6.0.jar;C:\Users\user\.m2\repository\org\springdoc\springdoc-openapi-starter-webmvc-api\2.6.0\springdoc-openapi-starter-webmvc-api-2.6.0.jar;C:\Users\user\.m2\repository\org\springdoc\springdoc-openapi-starter-common\2.6.0\springdoc-openapi-starter-common-2.6.0.jar;C:\Users\user\.m2\repository\io\swagger\core\v3\swagger-core-jakarta\2.2.22\swagger-core-jakarta-2.2.22.jar;C:\Users\user\.m2\repository\io\swagger\core\v3\swagger-annotations-jakarta\2.2.22\swagger-annotations-jakarta-2.2.22.jar;C:\Users\user\.m2\repository\io\swagger\core\v3\swagger-models-jakarta\2.2.22\swagger-models-jakarta-2.2.22.jar;C:\Users\user\.m2\repository\com\fasterxml\jackson\dataformat\jackson-dataformat-yaml\2.18.3\jackson-dataformat-yaml-2.18.3.jar;C:\Users\user\.m2\repository\org\webjars\swagger-ui\5.17.14\swagger-ui-5.17.14.jar;C:\Users\user\.m2\repository\org\springframework\boot\spring-boot-starter-test\3.4.5\spring-boot-starter-test-3.4.5.jar;C:\Users\user\.m2\repository\org\springframework\boot\spring-boot-test\3.4.5\spring-boot-test-3.4.5.jar;C:\Users\user\.m2\repository\org\springframework\boot\spring-boot-test-autoconfigure\3.4.5\spring-boot-test-autoconfigure-3.4.5.jar;C:\Users\user\.m2\repository\com\jayway\jsonpath\json-path\2.9.0\json-path-2.9.0.jar;C:\Users\user\.m2\repository\jakarta\xml\bind\jakarta.xml.bind-api\4.0.2\jakarta.xml.bind-api-4.0.2.jar;C:\Users\user\.m2\repository\jakarta\activation\jakarta.activation-api\2.1.3\jakarta.activation-api-2.1.3.jar;C:\Users\user\.m2\repository\net\minidev\json-smart\2.5.2\json-smart-2.5.2.jar;C:\Users\user\.m2\repository\net\minidev\accessors-smart\2.5.2\accessors-smart-2.5.2.jar;C:\Users\user\.m2\repository\org\ow2\asm\asm\9.7.1\asm-9.7.1.jar;C:\Users\user\.m2\repository\org\assertj\assertj-core\3.26.3\assertj-core-3.26.3.jar;C:\Users\user\.m2\repository\org\awaitility\awaitility\4.2.2\awaitility-4.2.2.jar;C:\Users\user\.m2\repository\org\hamcrest\hamcrest\2.2\hamcrest-2.2.jar;C:\Users\user\.m2\repository\org\junit\jupiter\junit-jupiter\5.11.4\junit-jupiter-5.11.4.jar;C:\Users\user\.m2\repository\org\junit\jupiter\junit-jupiter-api\5.11.4\junit-jupiter-api-5.11.4.jar;C:\Users\user\.m2\repository\org\opentest4j\opentest4j\1.3.0\opentest4j-1.3.0.jar;C:\Users\user\.m2\repository\org\junit\platform\junit-platform-commons\1.11.4\junit-platform-commons-1.11.4.jar;C:\Users\user\.m2\repository\org\apiguardian\apiguardian-api\1.1.2\apiguardian-api-1.1.2.jar;C:\Users\user\.m2\repository\org\junit\jupiter\junit-jupiter-params\5.11.4\junit-jupiter-params-5.11.4.jar;C:\Users\user\.m2\repository\org\junit\jupiter\junit-jupiter-engine\5.11.4\junit-jupiter-engine-5.11.4.jar;C:\Users\user\.m2\repository\org\junit\platform\junit-platform-engine\1.11.4\junit-platform-engine-1.11.4.jar;C:\Users\user\.m2\repository\org\mockito\mockito-core\5.14.2\mockito-core-5.14.2.jar;C:\Users\user\.m2\repository\net\bytebuddy\byte-buddy-agent\1.15.11\byte-buddy-agent-1.15.11.jar;C:\Users\user\.m2\repository\org\objenesis\objenesis\3.3\objenesis-3.3.jar;C:\Users\user\.m2\repository\org\mockito\mockito-junit-jupiter\5.14.2\mockito-junit-jupiter-5.14.2.jar;C:\Users\user\.m2\repository\org\skyscreamer\jsonassert\1.5.3\jsonassert-1.5.3.jar;C:\Users\user\.m2\repository\com\vaadin\external\google\android-json\0.0.20131108.vaadin1\android-json-0.0.20131108.vaadin1.jar;C:\Users\user\.m2\repository\org\springframework\spring-core\6.2.6\spring-core-6.2.6.jar;C:\Users\user\.m2\repository\org\springframework\spring-jcl\6.2.6\spring-jcl-6.2.6.jar;C:\Users\user\.m2\repository\org\springframework\spring-test\6.2.6\spring-test-6.2.6.jar;C:\Users\user\.m2\repository\org\xmlunit\xmlunit-core\2.10.0\xmlunit-core-2.10.0.jar;C:\Users\user\.m2\repository\org\springframework\boot\spring-boot-testcontainers\3.4.5\spring-boot-testcontainers-3.4.5.jar;C:\Users\user\.m2\repository\org\springframework\boot\spring-boot-autoconfigure\3.4.5\spring-boot-autoconfigure-3.4.5.jar;C:\Users\user\.m2\repository\org\testcontainers\testcontainers\1.20.6\testcontainers-1.20.6.jar;C:\Users\user\.m2\repository\junit\junit\4.13.2\junit-4.13.2.jar;C:\Users\user\.m2\repository\org\hamcrest\hamcrest-core\2.2\hamcrest-core-2.2.jar;C:\Users\user\.m2\repository\org\apache\commons\commons-compress\1.24.0\commons-compress-1.24.0.jar;C:\Users\user\.m2\repository\org\rnorth\duct-tape\duct-tape\1.0.8\duct-tape-1.0.8.jar;C:\Users\user\.m2\repository\org\jetbrains\annotations\17.0.0\annotations-17.0.0.jar;C:\Users\user\.m2\repository\com\github\docker-java\docker-java-api\3.4.1\docker-java-api-3.4.1.jar;C:\Users\user\.m2\repository\com\github\docker-java\docker-java-transport-zerodep\3.4.1\docker-java-transport-zerodep-3.4.1.jar;C:\Users\user\.m2\repository\com\github\docker-java\docker-java-transport\3.4.1\docker-java-transport-3.4.1.jar;C:\Users\user\.m2\repository\net\java\dev\jna\jna\5.13.0\jna-5.13.0.jar;C:\Users\user\.m2\repository\org\springframework\security\spring-security-test\6.4.5\spring-security-test-6.4.5.jar;C:\Users\user\.m2\repository\org\springframework\security\spring-security-core\6.4.5\spring-security-core-6.4.5.jar;C:\Users\user\.m2\repository\org\springframework\security\spring-security-crypto\6.4.5\spring-security-crypto-6.4.5.jar;C:\Users\user\.m2\repository\org\springframework\security\spring-security-web\6.4.5\spring-security-web-6.4.5.jar;C:\Users\user\.m2\repository\org\testcontainers\junit-jupiter\1.20.6\junit-jupiter-1.20.6.jar;C:\Users\user\.m2\repository\org\testcontainers\postgresql\1.20.6\postgresql-1.20.6.jar;C:\Users\user\.m2\repository\org\testcontainers\jdbc\1.20.6\jdbc-1.20.6.jar;C:\Users\user\.m2\repository\org\testcontainers\database-commons\1.20.6\database-commons-1.20.6.jar;"/>
    <property name="sun.cpu.endian" value="little"/>
    <property name="user.home" value="C:\Users\user"/>
    <property name="user.language" value="ru"/>
    <property name="java.specification.vendor" value="Oracle Corporation"/>
    <property name="java.version.date" value="2025-04-15"/>
    <property name="java.home" value="C:\Users\user\.jdks\corretto-17.0.15"/>
    <property name="file.separator" value="\"/>
    <property name="basedir" value="C:\Projects\libary\user-balance"/>
    <property name="java.vm.compressedOopsMode" value="Zero based"/>
    <property name="line.separator" value="&#10;"/>
    <property name="java.vm.specification.vendor" value="Oracle Corporation"/>
    <property name="java.specification.name" value="Java Platform API Specification"/>
    <property name="FILE_LOG_CHARSET" value="windows-1251"/>
    <property name="java.awt.headless" value="true"/>
    <property name="surefire.real.class.path" value="C:\Users\user\AppData\Local\Temp\surefire14868081329046916969\surefirebooter-20250519000035477_3.jar"/>
    <property name="user.script" value=""/>
    <property name="sun.management.compiler" value="HotSpot 64-Bit Tiered Compilers"/>
    <property name="java.runtime.version" value="17.0.15+6-LTS"/>
    <property name="user.name" value="user"/>
    <property name="path.separator" value=";"/>
    <property name="os.version" value="10.0"/>
    <property name="java.runtime.name" value="OpenJDK Runtime Environment"/>
    <property name="file.encoding" value="Cp1251"/>
    <property name="java.vm.name" value="OpenJDK 64-Bit Server VM"/>
    <property name="java.vendor.version" value="Corretto-17.0.15.6.1"/>
    <property name="localRepository" value="C:\Users\user\.m2\repository"/>
    <property name="java.vendor.url.bug" value="https://github.com/corretto/corretto-17/issues/"/>
    <property name="java.io.tmpdir" value="C:\Users\user\AppData\Local\Temp\"/>
    <property name="idea.version" value="2024.2"/>
    <property name="com.zaxxer.hikari.pool_number" value="1"/>
    <property name="java.version" value="17.0.15"/>
    <property name="user.dir" value="C:\Projects\libary\user-balance"/>
    <property name="os.arch" value="amd64"/>
    <property name="java.vm.specification.name" value="Java Virtual Machine Specification"/>
    <property name="PID" value="18752"/>
    <property name="sun.os.patch.level" value=""/>
    <property name="CONSOLE_LOG_CHARSET" value="windows-1251"/>
    <property name="native.encoding" value="Cp1251"/>
    <property name="java.library.path" value="C:\Users\user\.jdks\corretto-17.0.15\bin;C:\Windows\Sun\Java\bin;C:\Windows\system32;C:\Windows;C:\Program Files (x86)\Common Files\Oracle\Java\java8path;C:\Program Files (x86)\Common Files\Oracle\Java\javapath;C:\Windows\system32;C:\Windows;C:\Windows\System32\Wbem;C:\Windows\System32\WindowsPowerShell\v1.0\;C:\Windows\System32\OpenSSH\;C:\Program Files\Git\cmd;C:\Program Files (x86)\NVIDIA Corporation\PhysX\Common;C:\Program Files\Docker\Docker\resources\bin;C:\minikube;C:\Program Files\Java\jdk1.8.0_111\bin;C:\Program Files (x86)\Common Files\Oracle\Java\java8path;C:\Program Files (x86)\Common Files\Oracle\Java\javapath;C:\Windows\system32;C:\Windows;C:\Windows\System32\Wbem;C:\Windows\System32\WindowsPowerShell\v1.0\;C:\Windows\System32\OpenSSH\;C:\Program Files\Git\cmd;C:\Program Files (x86)\NVIDIA Corporation\PhysX\Common;C:\Program Files\Docker\Docker\resources\bin;C:\Users\user\AppData\Local\Microsoft\WindowsApps;."/>
    <property name="java.vm.info" value="mixed mode, sharing"/>
    <property name="java.vendor" value="Amazon.com Inc."/>
    <property name="java.vm.version" value="17.0.15+6-LTS"/>
    <property name="java.specification.maintenance.version" value="1"/>
    <property name="sun.io.unicode.encoding" value="UnicodeLittle"/>
    <property name="java.class.version" value="61.0"/>
  </properties>
  <testcase name="contextLoads" classname="com.kiselev.userbalance.UserBalanceApplicationTests" time="0.256">
    <system-out><![CDATA[00:00:36.074 [main] INFO org.springframework.test.context.support.AnnotationConfigContextLoaderUtils -- Could not detect default configuration classes for test class [com.kiselev.userbalance.UserBalanceApplicationTests]: UserBalanceApplicationTests does not declare any static, non-private, non-final, nested classes annotated with @Configuration.
00:00:36.163 [main] INFO org.springframework.boot.test.context.SpringBootTestContextBootstrapper -- Found @SpringBootConfiguration com.kiselev.userbalance.UserBalanceApplication for test class com.kiselev.userbalance.UserBalanceApplicationTests

  .   ____          _            __ _ _
 /\\ / ___'_ __ _ _(_)_ __  __ _ \ \ \ \
( ( )\___ | '_ | '_| | '_ \/ _` | \ \ \ \
 \\/  ___)| |_)| | | | | || (_| |  ) ) ) )
  '  |____| .__|_| |_|_| |_\__, | / / / /
 =========|_|==============|___/=/_/_/_/

 :: Spring Boot ::                (v3.4.5)

2025-05-19T00:00:36.453+03:00  INFO 18752 --- [           main] c.k.u.UserBalanceApplicationTests        : Starting UserBalanceApplicationTests using Java 17.0.15 with PID 18752 (started by user in C:\Projects\libary\user-balance)
2025-05-19T00:00:36.454+03:00  INFO 18752 --- [           main] c.k.u.UserBalanceApplicationTests        : No active profile set, falling back to 1 default profile: "default"
2025-05-19T00:00:37.013+03:00  INFO 18752 --- [           main] .s.d.r.c.RepositoryConfigurationDelegate : Multiple Spring Data modules found, entering strict repository configuration mode
2025-05-19T00:00:37.014+03:00  INFO 18752 --- [           main] .s.d.r.c.RepositoryConfigurationDelegate : Bootstrapping Spring Data Elasticsearch repositories in DEFAULT mode.
2025-05-19T00:00:37.041+03:00  INFO 18752 --- [           main] .RepositoryConfigurationExtensionSupport : Spring Data Elasticsearch - Could not safely identify store assignment for repository candidate interface com.kiselev.userbalance.adapter.repository.AccountRepository; If you want this repository to be a Elasticsearch repository, consider annotating your entities with one of these annotations: org.springframework.data.elasticsearch.annotations.Document (preferred), or consider extending one of the following types with your repository: org.springframework.data.elasticsearch.repository.ElasticsearchRepository
2025-05-19T00:00:37.042+03:00  INFO 18752 --- [           main] .RepositoryConfigurationExtensionSupport : Spring Data Elasticsearch - Could not safely identify store assignment for repository candidate interface com.kiselev.userbalance.adapter.repository.EmailDataRepository; If you want this repository to be a Elasticsearch repository, consider annotating your entities with one of these annotations: org.springframework.data.elasticsearch.annotations.Document (preferred), or consider extending one of the following types with your repository: org.springframework.data.elasticsearch.repository.ElasticsearchRepository
2025-05-19T00:00:37.043+03:00  INFO 18752 --- [           main] .RepositoryConfigurationExtensionSupport : Spring Data Elasticsearch - Could not safely identify store assignment for repository candidate interface com.kiselev.userbalance.adapter.repository.PhoneDataRepository; If you want this repository to be a Elasticsearch repository, consider annotating your entities with one of these annotations: org.springframework.data.elasticsearch.annotations.Document (preferred), or consider extending one of the following types with your repository: org.springframework.data.elasticsearch.repository.ElasticsearchRepository
2025-05-19T00:00:37.044+03:00  INFO 18752 --- [           main] .RepositoryConfigurationExtensionSupport : Spring Data Elasticsearch - Could not safely identify store assignment for repository candidate interface com.kiselev.userbalance.adapter.repository.UserRepository; If you want this repository to be a Elasticsearch repository, consider annotating your entities with one of these annotations: org.springframework.data.elasticsearch.annotations.Document (preferred), or consider extending one of the following types with your repository: org.springframework.data.elasticsearch.repository.ElasticsearchRepository
2025-05-19T00:00:37.100+03:00  INFO 18752 --- [           main] .s.d.r.c.RepositoryConfigurationDelegate : Finished Spring Data repository scanning in 79 ms. Found 1 Elasticsearch repository interface.
2025-05-19T00:00:37.104+03:00  INFO 18752 --- [           main] .s.d.r.c.RepositoryConfigurationDelegate : Multiple Spring Data modules found, entering strict repository configuration mode
2025-05-19T00:00:37.104+03:00  INFO 18752 --- [           main] .s.d.r.c.RepositoryConfigurationDelegate : Bootstrapping Spring Data Reactive Elasticsearch repositories in DEFAULT mode.
2025-05-19T00:00:37.109+03:00  INFO 18752 --- [           main] .RepositoryConfigurationExtensionSupport : Spring Data Reactive Elasticsearch - Could not safely identify store assignment for repository candidate interface com.kiselev.userbalance.adapter.repository.AccountRepository; If you want this repository to be a Reactive Elasticsearch repository, consider annotating your entities with one of these annotations: org.springframework.data.elasticsearch.annotations.Document (preferred), or consider extending one of the following types with your repository: org.springframework.data.elasticsearch.repository.ReactiveElasticsearchRepository
2025-05-19T00:00:37.109+03:00  INFO 18752 --- [           main] .RepositoryConfigurationExtensionSupport : Spring Data Reactive Elasticsearch - Could not safely identify store assignment for repository candidate interface com.kiselev.userbalance.adapter.repository.EmailDataRepository; If you want this repository to be a Reactive Elasticsearch repository, consider annotating your entities with one of these annotations: org.springframework.data.elasticsearch.annotations.Document (preferred), or consider extending one of the following types with your repository: org.springframework.data.elasticsearch.repository.ReactiveElasticsearchRepository
2025-05-19T00:00:37.109+03:00  INFO 18752 --- [           main] .RepositoryConfigurationExtensionSupport : Spring Data Reactive Elasticsearch - Could not safely identify store assignment for repository candidate interface com.kiselev.userbalance.adapter.repository.PhoneDataRepository; If you want this repository to be a Reactive Elasticsearch repository, consider annotating your entities with one of these annotations: org.springframework.data.elasticsearch.annotations.Document (preferred), or consider extending one of the following types with your repository: org.springframework.data.elasticsearch.repository.ReactiveElasticsearchRepository
2025-05-19T00:00:37.109+03:00  INFO 18752 --- [           main] .RepositoryConfigurationExtensionSupport : Spring Data Reactive Elasticsearch - Could not safely identify store assignment for repository candidate interface com.kiselev.userbalance.adapter.repository.UserRepository; If you want this repository to be a Reactive Elasticsearch repository, consider annotating your entities with one of these annotations: org.springframework.data.elasticsearch.annotations.Document (preferred), or consider extending one of the following types with your repository: org.springframework.data.elasticsearch.repository.ReactiveElasticsearchRepository
2025-05-19T00:00:37.110+03:00  INFO 18752 --- [           main] .s.d.r.c.RepositoryConfigurationDelegate : Finished Spring Data repository scanning in 5 ms. Found 0 Reactive Elasticsearch repository interfaces.
2025-05-19T00:00:37.116+03:00  INFO 18752 --- [           main] .s.d.r.c.RepositoryConfigurationDelegate : Multiple Spring Data modules found, entering strict repository configuration mode
2025-05-19T00:00:37.116+03:00  INFO 18752 --- [           main] .s.d.r.c.RepositoryConfigurationDelegate : Bootstrapping Spring Data JPA repositories in DEFAULT mode.
2025-05-19T00:00:37.125+03:00  INFO 18752 --- [           main] .RepositoryConfigurationExtensionSupport : Spring Data JPA - Could not safely identify store assignment for repository candidate interface com.kiselev.userbalance.adapter.repository.UserSearchRepository; If you want this repository to be a JPA repository, consider annotating your entities with one of these annotations: jakarta.persistence.Entity, jakarta.persistence.MappedSuperclass (preferred), or consider extending one of the following types with your repository: org.springframework.data.jpa.repository.JpaRepository
2025-05-19T00:00:37.132+03:00  INFO 18752 --- [           main] .s.d.r.c.RepositoryConfigurationDelegate : Finished Spring Data repository scanning in 12 ms. Found 4 JPA repository interfaces.
2025-05-19T00:00:37.141+03:00  INFO 18752 --- [           main] .s.d.r.c.RepositoryConfigurationDelegate : Multiple Spring Data modules found, entering strict repository configuration mode
2025-05-19T00:00:37.142+03:00  INFO 18752 --- [           main] .s.d.r.c.RepositoryConfigurationDelegate : Bootstrapping Spring Data Redis repositories in DEFAULT mode.
2025-05-19T00:00:37.152+03:00  INFO 18752 --- [           main] .RepositoryConfigurationExtensionSupport : Spring Data Redis - Could not safely identify store assignment for repository candidate interface com.kiselev.userbalance.adapter.repository.AccountRepository; If you want this repository to be a Redis repository, consider annotating your entities with one of these annotations: org.springframework.data.redis.core.RedisHash (preferred), or consider extending one of the following types with your repository: org.springframework.data.keyvalue.repository.KeyValueRepository
2025-05-19T00:00:37.152+03:00  INFO 18752 --- [           main] .RepositoryConfigurationExtensionSupport : Spring Data Redis - Could not safely identify store assignment for repository candidate interface com.kiselev.userbalance.adapter.repository.EmailDataRepository; If you want this repository to be a Redis repository, consider annotating your entities with one of these annotations: org.springframework.data.redis.core.RedisHash (preferred), or consider extending one of the following types with your repository: org.springframework.data.keyvalue.repository.KeyValueRepository
2025-05-19T00:00:37.152+03:00  INFO 18752 --- [           main] .RepositoryConfigurationExtensionSupport : Spring Data Redis - Could not safely identify store assignment for repository candidate interface com.kiselev.userbalance.adapter.repository.PhoneDataRepository; If you want this repository to be a Redis repository, consider annotating your entities with one of these annotations: org.springframework.data.redis.core.RedisHash (preferred), or consider extending one of the following types with your repository: org.springframework.data.keyvalue.repository.KeyValueRepository
2025-05-19T00:00:37.153+03:00  INFO 18752 --- [           main] .RepositoryConfigurationExtensionSupport : Spring Data Redis - Could not safely identify store assignment for repository candidate interface com.kiselev.userbalance.adapter.repository.UserRepository; If you want this repository to be a Redis repository, consider annotating your entities with one of these annotations: org.springframework.data.redis.core.RedisHash (preferred), or consider extending one of the following types with your repository: org.springframework.data.keyvalue.repository.KeyValueRepository
2025-05-19T00:00:37.153+03:00  INFO 18752 --- [           main] .RepositoryConfigurationExtensionSupport : Spring Data Redis - Could not safely identify store assignment for repository candidate interface com.kiselev.userbalance.adapter.repository.UserSearchRepository; If you want this repository to be a Redis repository, consider annotating your entities with one of these annotations: org.springframework.data.redis.core.RedisHash (preferred), or consider extending one of the following types with your repository: org.springframework.data.keyvalue.repository.KeyValueRepository
2025-05-19T00:00:37.153+03:00  INFO 18752 --- [           main] .s.d.r.c.RepositoryConfigurationDelegate : Finished Spring Data repository scanning in 4 ms. Found 0 Redis repository interfaces.
2025-05-19T00:00:37.568+03:00  INFO 18752 --- [           main] com.zaxxer.hikari.HikariDataSource       : HikariPool-1 - Starting...
2025-05-19T00:00:37.702+03:00  INFO 18752 --- [           main] com.zaxxer.hikari.pool.HikariPool        : HikariPool-1 - Added connection org.postgresql.jdbc.PgConnection@51cca357
2025-05-19T00:00:37.703+03:00  INFO 18752 --- [           main] com.zaxxer.hikari.HikariDataSource       : HikariPool-1 - Start completed.
2025-05-19T00:00:37.788+03:00  INFO 18752 --- [           main] liquibase.database                       : Set default schema name to public
2025-05-19T00:00:38.061+03:00  INFO 18752 --- [           main] liquibase.changelog                      : Reading from public.databasechangelog
2025-05-19T00:00:38.131+03:00  INFO 18752 --- [           main] liquibase.ui                             : Database is up to date, no changesets to execute
2025-05-19T00:00:38.133+03:00  INFO 18752 --- [           main] liquibase.changelog                      : Reading from public.databasechangelog
2025-05-19T00:00:38.139+03:00  INFO 18752 --- [           main] liquibase.util                           : UPDATE SUMMARY
2025-05-19T00:00:38.139+03:00  INFO 18752 --- [           main] liquibase.util                           : Run:                          0
2025-05-19T00:00:38.139+03:00  INFO 18752 --- [           main] liquibase.util                           : Previously run:               4
2025-05-19T00:00:38.139+03:00  INFO 18752 --- [           main] liquibase.util                           : Filtered out:                 0
2025-05-19T00:00:38.139+03:00  INFO 18752 --- [           main] liquibase.util                           : -------------------------------
2025-05-19T00:00:38.139+03:00  INFO 18752 --- [           main] liquibase.util                           : Total change sets:            4
2025-05-19T00:00:38.140+03:00  INFO 18752 --- [           main] liquibase.util                           : Update summary generated
2025-05-19T00:00:38.140+03:00  INFO 18752 --- [           main] liquibase.command                        : Command execution complete
2025-05-19T00:00:38.383+03:00  INFO 18752 --- [           main] o.hibernate.jpa.internal.util.LogHelper  : HHH000204: Processing PersistenceUnitInfo [name: default]
2025-05-19T00:00:38.416+03:00  INFO 18752 --- [           main] org.hibernate.Version                    : HHH000412: Hibernate ORM core version 6.6.13.Final
2025-05-19T00:00:38.443+03:00  INFO 18752 --- [           main] o.h.c.internal.RegionFactoryInitiator    : HHH000026: Second-level cache disabled
2025-05-19T00:00:38.612+03:00  INFO 18752 --- [           main] o.s.o.j.p.SpringPersistenceUnitInfo      : No LoadTimeWeaver setup: ignoring JPA class transformer
2025-05-19T00:00:38.670+03:00  INFO 18752 --- [           main] org.hibernate.orm.connections.pooling    : HHH10001005: Database info:
	Database JDBC URL [Connecting through datasource 'HikariDataSource (HikariPool-1)']
	Database driver: undefined/unknown
	Database version: 17.2
	Autocommit mode: undefined/unknown
	Isolation level: undefined/unknown
	Minimum pool size: undefined/unknown
	Maximum pool size: undefined/unknown
2025-05-19T00:00:39.202+03:00  INFO 18752 --- [           main] o.h.e.t.j.p.i.JtaPlatformInitiator       : HHH000489: No JTA platform available (set 'hibernate.transaction.jta.platform' to enable JTA platform integration)
2025-05-19T00:00:39.203+03:00  INFO 18752 --- [           main] j.LocalContainerEntityManagerFactoryBean : Initialized JPA EntityManagerFactory for persistence unit 'default'
2025-05-19T00:00:39.340+03:00  INFO 18752 --- [           main] o.s.d.j.r.query.QueryEnhancerFactory     : Hibernate is in classpath; If applicable, HQL parser will be used.
2025-05-19T00:00:39.992+03:00  WARN 18752 --- [           main] JpaBaseConfiguration$JpaWebConfiguration : spring.jpa.open-in-view is enabled by default. Therefore, database queries may be performed during view rendering. Explicitly configure spring.jpa.open-in-view to disable this warning
2025-05-19T00:00:40.338+03:00  INFO 18752 --- [           main] c.k.u.UserBalanceApplicationTests        : Started UserBalanceApplicationTests in 4.08 seconds (process running for 4.779)
Hibernate: 
    insert 
    into
        "user"
        (date_of_birth, name, password) 
    values
        (?, ?, ?)
Hibernate: 
    select
        ae1_0.id,
        ae1_0.balance,
        ae1_0.initial_deposit,
        ae1_0.user_id 
    from
        account ae1_0
Hibernate: 
    insert 
    into
        account
        (balance, initial_deposit, user_id) 
    values
        (?, ?, ?)
Hibernate: 
    insert 
    into
        email_data
        (email, user_id) 
    values
        (?, ?)
Hibernate: 
    select
        ue1_0.id,
        ae1_0.id,
        ae1_0.balance,
        ae1_0.initial_deposit,
        ue1_0.date_of_birth,
        ue1_0.name,
        ue1_0.password 
    from
        "user" ue1_0 
    left join
        account ae1_0 
            on ue1_0.id=ae1_0.user_id 
    where
        ue1_0.id=?
Hibernate: 
    select
        ue1_0.id,
        ae1_0.id,
        ae1_0.balance,
        ae1_0.initial_deposit,
        ue1_0.date_of_birth,
        ue1_0.name,
        ue1_0.password 
    from
        "user" ue1_0 
    left join
        account ae1_0 
            on ue1_0.id=ae1_0.user_id 
    where
        ue1_0.id=?
Hibernate: 
    select
        ue1_0.id,
        ae1_0.id,
        ae1_0.balance,
        ae1_0.initial_deposit,
        ue1_0.date_of_birth,
        ue1_0.name,
        ue1_0.password 
    from
        "user" ue1_0 
    left join
        account ae1_0 
            on ue1_0.id=ae1_0.user_id 
    where
        ue1_0.id=?
Hibernate: 
    select
        ue1_0.id,
        ae1_0.id,
        ae1_0.balance,
        ae1_0.initial_deposit,
        ue1_0.date_of_birth,
        ue1_0.name,
        ue1_0.password 
    from
        "user" ue1_0 
    left join
        account ae1_0 
            on ue1_0.id=ae1_0.user_id 
    where
        ue1_0.id=?
Hibernate: 
    select
        ue1_0.id,
        ae1_0.id,
        ae1_0.balance,
        ae1_0.initial_deposit,
        ue1_0.date_of_birth,
        ue1_0.name,
        ue1_0.password 
    from
        "user" ue1_0 
    left join
        account ae1_0 
            on ue1_0.id=ae1_0.user_id 
    where
        ue1_0.id=?
Hibernate: 
    select
        ue1_0.id,
        ae1_0.id,
        ae1_0.balance,
        ae1_0.initial_deposit,
        ue1_0.date_of_birth,
        ue1_0.name,
        ue1_0.password 
    from
        "user" ue1_0 
    left join
        account ae1_0 
            on ue1_0.id=ae1_0.user_id 
    where
        ue1_0.id=?
Hibernate: 
    select
        ue1_0.id,
        ae1_0.id,
        ae1_0.balance,
        ae1_0.initial_deposit,
        ue1_0.date_of_birth,
        ue1_0.name,
        ue1_0.password 
    from
        "user" ue1_0 
    left join
        account ae1_0 
            on ue1_0.id=ae1_0.user_id 
    where
        ue1_0.id=?
Hibernate: 
    select
        ue1_0.id,
        ae1_0.id,
        ae1_0.balance,
        ae1_0.initial_deposit,
        ue1_0.date_of_birth,
        ue1_0.name,
        ue1_0.password 
    from
        "user" ue1_0 
    left join
        account ae1_0 
            on ue1_0.id=ae1_0.user_id 
    where
        ue1_0.id=?
Hibernate: 
    select
        ue1_0.id,
        ae1_0.id,
        ae1_0.balance,
        ae1_0.initial_deposit,
        ue1_0.date_of_birth,
        ue1_0.name,
        ue1_0.password 
    from
        "user" ue1_0 
    left join
        account ae1_0 
            on ue1_0.id=ae1_0.user_id 
    where
        ue1_0.id=?
Hibernate: 
    insert 
    into
        "user"
        (date_of_birth, name, password) 
    values
        (?, ?, ?)
Hibernate: 
    select
        ue1_0.id,
        ae1_0.id,
        ae1_0.balance,
        ae1_0.initial_deposit,
        ue1_0.date_of_birth,
        ue1_0.name,
        ue1_0.password 
    from
        "user" ue1_0 
    left join
        account ae1_0 
            on ue1_0.id=ae1_0.user_id 
    where
        ue1_0.id=?
Hibernate: 
    insert 
    into
        account
        (balance, initial_deposit, user_id) 
    values
        (?, ?, ?)
Hibernate: 
    select
        ue1_0.id,
        ae1_0.id,
        ae1_0.balance,
        ae1_0.initial_deposit,
        ue1_0.date_of_birth,
        ue1_0.name,
        ue1_0.password 
    from
        "user" ue1_0 
    left join
        account ae1_0 
            on ue1_0.id=ae1_0.user_id 
    where
        ue1_0.id=?
Hibernate: 
    select
        ue1_0.id,
        ae1_0.id,
        ae1_0.balance,
        ae1_0.initial_deposit,
        ue1_0.date_of_birth,
        ue1_0.name,
        ue1_0.password 
    from
        "user" ue1_0 
    left join
        account ae1_0 
            on ue1_0.id=ae1_0.user_id 
    where
        ue1_0.id=?
Hibernate: 
    insert 
    into
        email_data
        (email, user_id) 
    values
        (?, ?)
Hibernate: 
    select
        ue1_0.id,
        ae1_0.id,
        ae1_0.balance,
        ae1_0.initial_deposit,
        ue1_0.date_of_birth,
        ue1_0.name,
        ue1_0.password 
    from
        "user" ue1_0 
    left join
        account ae1_0 
            on ue1_0.id=ae1_0.user_id 
    where
        ue1_0.id=?
Hibernate: 
    select
        ue1_0.id,
        ae1_0.id,
        ae1_0.balance,
        ae1_0.initial_deposit,
        ue1_0.date_of_birth,
        ue1_0.name,
        ue1_0.password 
    from
        "user" ue1_0 
    left join
        account ae1_0 
            on ue1_0.id=ae1_0.user_id 
    where
        ue1_0.id=?
Hibernate: 
    select
        ue1_0.id,
        ae1_0.id,
        ae1_0.balance,
        ae1_0.initial_deposit,
        ue1_0.date_of_birth,
        ue1_0.name,
        ue1_0.password 
    from
        "user" ue1_0 
    left join
        account ae1_0 
            on ue1_0.id=ae1_0.user_id 
    where
        ue1_0.id=?
Hibernate: 
    select
        ue1_0.id,
        ae1_0.id,
        ae1_0.balance,
        ae1_0.initial_deposit,
        ue1_0.date_of_birth,
        ue1_0.name,
        ue1_0.password 
    from
        "user" ue1_0 
    left join
        account ae1_0 
            on ue1_0.id=ae1_0.user_id 
    where
        ue1_0.id=?
Hibernate: 
    select
        ue1_0.id,
        ae1_0.id,
        ae1_0.balance,
        ae1_0.initial_deposit,
        ue1_0.date_of_birth,
        ue1_0.name,
        ue1_0.password 
    from
        "user" ue1_0 
    left join
        account ae1_0 
            on ue1_0.id=ae1_0.user_id 
    where
        ue1_0.id=?
Hibernate: 
    select
        ue1_0.id,
        ae1_0.id,
        ae1_0.balance,
        ae1_0.initial_deposit,
        ue1_0.date_of_birth,
        ue1_0.name,
        ue1_0.password 
    from
        "user" ue1_0 
    left join
        account ae1_0 
            on ue1_0.id=ae1_0.user_id 
    where
        ue1_0.id=?
Hibernate: 
    select
        ue1_0.id,
        ae1_0.id,
        ae1_0.balance,
        ae1_0.initial_deposit,
        ue1_0.date_of_birth,
        ue1_0.name,
        ue1_0.password 
    from
        "user" ue1_0 
    left join
        account ae1_0 
            on ue1_0.id=ae1_0.user_id 
    where
        ue1_0.id=?
Hibernate: 
    select
        ue1_0.id,
        ae1_0.id,
        ae1_0.balance,
        ae1_0.initial_deposit,
        ue1_0.date_of_birth,
        ue1_0.name,
        ue1_0.password 
    from
        "user" ue1_0 
    left join
        account ae1_0 
            on ue1_0.id=ae1_0.user_id 
    where
        ue1_0.id=?
Hibernate: 
    select
        ue1_0.id,
        ae1_0.id,
        ae1_0.balance,
        ae1_0.initial_deposit,
        ue1_0.date_of_birth,
        ue1_0.name,
        ue1_0.password 
    from
        "user" ue1_0 
    left join
        account ae1_0 
            on ue1_0.id=ae1_0.user_id 
    where
        ue1_0.id=?
Hibernate: 
    select
        ue1_0.id,
        ae1_0.id,
        ae1_0.balance,
        ae1_0.initial_deposit,
        ue1_0.date_of_birth,
        ue1_0.name,
        ue1_0.password 
    from
        "user" ue1_0 
    left join
        account ae1_0 
            on ue1_0.id=ae1_0.user_id 
    where
        ue1_0.id=?
Hibernate: 
    select
        ue1_0.id,
        ae1_0.id,
        ae1_0.balance,
        ae1_0.initial_deposit,
        ue1_0.date_of_birth,
        ue1_0.name,
        ue1_0.password 
    from
        "user" ue1_0 
    left join
        account ae1_0 
            on ue1_0.id=ae1_0.user_id 
    where
        ue1_0.id=?
Hibernate: 
    select
        ue1_0.id,
        ae1_0.id,
        ae1_0.balance,
        ae1_0.initial_deposit,
        ue1_0.date_of_birth,
        ue1_0.name,
        ue1_0.password 
    from
        "user" ue1_0 
    left join
        account ae1_0 
            on ue1_0.id=ae1_0.user_id 
    where
        ue1_0.id=?
Hibernate: 
    select
        ue1_0.id,
        ae1_0.id,
        ae1_0.balance,
        ae1_0.initial_deposit,
        ue1_0.date_of_birth,
        ue1_0.name,
        ue1_0.password 
    from
        "user" ue1_0 
    left join
        account ae1_0 
            on ue1_0.id=ae1_0.user_id 
    where
        ue1_0.id=?
Hibernate: 
    select
        ue1_0.id,
        ae1_0.id,
        ae1_0.balance,
        ae1_0.initial_deposit,
        ue1_0.date_of_birth,
        ue1_0.name,
        ue1_0.password 
    from
        "user" ue1_0 
    left join
        account ae1_0 
            on ue1_0.id=ae1_0.user_id 
    where
        ue1_0.id=?
Hibernate: 
    select
        ue1_0.id,
        ae1_0.id,
        ae1_0.balance,
        ae1_0.initial_deposit,
        ue1_0.date_of_birth,
        ue1_0.name,
        ue1_0.password 
    from
        "user" ue1_0 
    left join
        account ae1_0 
            on ue1_0.id=ae1_0.user_id 
    where
        ue1_0.id=?
Hibernate: 
    update
        account 
    set
        balance=?,
        initial_deposit=?,
        user_id=? 
    where
        id=?
Hibernate: 
    update
        account 
    set
        balance=?,
        initial_deposit=?,
        user_id=? 
    where
        id=?
Hibernate: 
    update
        account 
    set
        balance=?,
        initial_deposit=?,
        user_id=? 
    where
        id=?
Hibernate: 
    update
        account 
    set
        balance=?,
        initial_deposit=?,
        user_id=? 
    where
        id=?
Hibernate: 
    update
        account 
    set
        balance=?,
        initial_deposit=?,
        user_id=? 
    where
        id=?
Hibernate: 
    update
        account 
    set
        balance=?,
        initial_deposit=?,
        user_id=? 
    where
        id=?
Hibernate: 
    update
        account 
    set
        balance=?,
        initial_deposit=?,
        user_id=? 
    where
        id=?
Hibernate: 
    update
        account 
    set
        balance=?,
        initial_deposit=?,
        user_id=? 
    where
        id=?
Hibernate: 
    update
        account 
    set
        balance=?,
        initial_deposit=?,
        user_id=? 
    where
        id=?
Hibernate: 
    update
        account 
    set
        balance=?,
        initial_deposit=?,
        user_id=? 
    where
        id=?
Hibernate: 
    update
        account 
    set
        balance=?,
        initial_deposit=?,
        user_id=? 
    where
        id=?
Hibernate: 
    update
        account 
    set
        balance=?,
        initial_deposit=?,
        user_id=? 
    where
        id=?
Hibernate: 
    update
        account 
    set
        balance=?,
        initial_deposit=?,
        user_id=? 
    where
        id=?
Hibernate: 
    update
        account 
    set
        balance=?,
        initial_deposit=?,
        user_id=? 
    where
        id=?
Hibernate: 
    update
        account 
    set
        balance=?,
        initial_deposit=?,
        user_id=? 
    where
        id=?
Hibernate: 
    update
        account 
    set
        balance=?,
        initial_deposit=?,
        user_id=? 
    where
        id=?
Hibernate: 
    update
        account 
    set
        balance=?,
        initial_deposit=?,
        user_id=? 
    where
        id=?
Hibernate: 
    update
        account 
    set
        balance=?,
        initial_deposit=?,
        user_id=? 
    where
        id=?
Hibernate: 
    update
        account 
    set
        balance=?,
        initial_deposit=?,
        user_id=? 
    where
        id=?
Hibernate: 
    update
        account 
    set
        balance=?,
        initial_deposit=?,
        user_id=? 
    where
        id=?
Hibernate: 
    update
        account 
    set
        balance=?,
        initial_deposit=?,
        user_id=? 
    where
        id=?
Hibernate: 
    update
        account 
    set
        balance=?,
        initial_deposit=?,
        user_id=? 
    where
        id=?
Hibernate: 
    update
        account 
    set
        balance=?,
        initial_deposit=?,
        user_id=? 
    where
        id=?
Hibernate: 
    update
        account 
    set
        balance=?,
        initial_deposit=?,
        user_id=? 
    where
        id=?
Hibernate: 
    update
        account 
    set
        balance=?,
        initial_deposit=?,
        user_id=? 
    where
        id=?
Hibernate: 
    update
        account 
    set
        balance=?,
        initial_deposit=?,
        user_id=? 
    where
        id=?
Hibernate: 
    update
        account 
    set
        balance=?,
        initial_deposit=?,
        user_id=? 
    where
        id=?
]]></system-out>
  </testcase>
</testsuite>